This file contains any messages produced by compilers while
running configure, to aid debugging if configure makes a mistake.

It was created by pense configure 2.0.0, which was
generated by GNU Autoconf 2.69.  Invocation command line was

  $ ./configure 

## --------- ##
## Platform. ##
## --------- ##

hostname = ml-experiments
uname -m = x86_64
uname -r = 5.4.0-52-generic
uname -s = Linux
uname -v = #57-Ubuntu SMP Thu Oct 15 10:57:00 UTC 2020

/usr/bin/uname -p = x86_64
/bin/uname -X     = unknown

/bin/arch              = x86_64
/usr/bin/arch -k       = unknown
/usr/convex/getsysinfo = unknown
/usr/bin/hostinfo      = unknown
/bin/machine           = unknown
/usr/bin/oslevel       = unknown
/bin/universe          = unknown

PATH: /home/akhila/anaconda3/bin
PATH: /usr/local/sbin
PATH: /usr/local/bin
PATH: /usr/sbin
PATH: /usr/bin
PATH: /sbin
PATH: /bin
PATH: /usr/games
PATH: /usr/local/games
PATH: /snap/bin
PATH: /home/akhila/.dotnet/tools


## ----------- ##
## Core tests. ##
## ----------- ##

configure:1934: checking for gcc
configure:1961: result: gcc -std=gnu99
configure:2190: checking for C compiler version
configure:2199: gcc -std=gnu99 --version >&5
gcc (Ubuntu 9.3.0-17ubuntu1~20.04) 9.3.0
Copyright (C) 2019 Free Software Foundation, Inc.
This is free software; see the source for copying conditions.  There is NO
warranty; not even for MERCHANTABILITY or FITNESS FOR A PARTICULAR PURPOSE.

configure:2210: $? = 0
configure:2199: gcc -std=gnu99 -v >&5
Using built-in specs.
COLLECT_GCC=gcc
COLLECT_LTO_WRAPPER=/usr/lib/gcc/x86_64-linux-gnu/9/lto-wrapper
OFFLOAD_TARGET_NAMES=nvptx-none:hsa
OFFLOAD_TARGET_DEFAULT=1
Target: x86_64-linux-gnu
Configured with: ../src/configure -v --with-pkgversion='Ubuntu 9.3.0-17ubuntu1~20.04' --with-bugurl=file:///usr/share/doc/gcc-9/README.Bugs --enable-languages=c,ada,c++,go,brig,d,fortran,objc,obj-c++,gm2 --prefix=/usr --with-gcc-major-version-only --program-suffix=-9 --program-prefix=x86_64-linux-gnu- --enable-shared --enable-linker-build-id --libexecdir=/usr/lib --without-included-gettext --enable-threads=posix --libdir=/usr/lib --enable-nls --enable-clocale=gnu --enable-libstdcxx-debug --enable-libstdcxx-time=yes --with-default-libstdcxx-abi=new --enable-gnu-unique-object --disable-vtable-verify --enable-plugin --enable-default-pie --with-system-zlib --with-target-system-zlib=auto --enable-objc-gc=auto --enable-multiarch --disable-werror --with-arch-32=i686 --with-abi=m64 --with-multilib-list=m32,m64,mx32 --enable-multilib --with-tune=generic --enable-offload-targets=nvptx-none=/build/gcc-9-HskZEa/gcc-9-9.3.0/debian/tmp-nvptx/usr,hsa --without-cuda-driver --enable-checking=release --build=x86_64-linux-gnu --host=x86_64-linux-gnu --target=x86_64-linux-gnu
Thread model: posix
gcc version 9.3.0 (Ubuntu 9.3.0-17ubuntu1~20.04) 
configure:2210: $? = 0
configure:2199: gcc -std=gnu99 -V >&5
gcc: error: unrecognized command line option '-V'
gcc: fatal error: no input files
compilation terminated.
configure:2210: $? = 1
configure:2199: gcc -std=gnu99 -qversion >&5
gcc: error: unrecognized command line option '-qversion'; did you mean '--version'?
gcc: fatal error: no input files
compilation terminated.
configure:2210: $? = 1
configure:2230: checking whether the C compiler works
configure:2252: gcc -std=gnu99   -Wl,-Bsymbolic-functions -Wl,-z,relro conftest.c  >&5
configure:2256: $? = 0
configure:2304: result: yes
configure:2307: checking for C compiler default output file name
configure:2309: result: a.out
configure:2315: checking for suffix of executables
configure:2322: gcc -std=gnu99 -o conftest   -Wl,-Bsymbolic-functions -Wl,-z,relro conftest.c  >&5
configure:2326: $? = 0
configure:2348: result: 
configure:2370: checking whether we are cross compiling
configure:2378: gcc -std=gnu99 -o conftest   -Wl,-Bsymbolic-functions -Wl,-z,relro conftest.c  >&5
configure:2382: $? = 0
configure:2389: ./conftest
configure:2393: $? = 0
configure:2381: result: no
configure:2386: checking for suffix of object files
configure:2408: gcc -std=gnu99 -c   conftest.c >&5
configure:2412: $? = 0
configure:2433: result: o
configure:2437: checking whether we are using the GNU C compiler
configure:2456: gcc -std=gnu99 -c   conftest.c >&5
configure:2456: $? = 0
configure:2465: result: yes
configure:2474: checking whether gcc -std=gnu99 accepts -g
configure:2494: gcc -std=gnu99 -c -g  conftest.c >&5
configure:2494: $? = 0
configure:2535: result: yes
configure:2552: checking for gcc -std=gnu99 option to accept ISO C89
configure:2615: gcc -std=gnu99  -c -g -O2  conftest.c >&5
configure:2615: $? = 0
configure:2628: result: none needed
configure:2653: checking how to run the C preprocessor
configure:2723: result: gcc -std=gnu99 -E
configure:2743: gcc -std=gnu99 -E  conftest.c
configure:2743: $? = 0
configure:2757: gcc -std=gnu99 -E  conftest.c
conftest.c:9:10: fatal error: ac_nonexistent.h: No such file or directory
    9 | #include <ac_nonexistent.h>
      |          ^~~~~~~~~~~~~~~~~~
compilation terminated.
configure:2757: $? = 1
configure: failed program was:
| /* confdefs.h */
| #define PACKAGE_NAME "pense"
| #define PACKAGE_TARNAME "pense"
| #define PACKAGE_VERSION "2.0.0"
| #define PACKAGE_STRING "pense 2.0.0"
| #define PACKAGE_BUGREPORT ""
| #define PACKAGE_URL ""
| /* end confdefs.h.  */
| #include <ac_nonexistent.h>
configure:2897: checking for C++ compiler version
configure:2906: g++ -std=gnu++11 --version >&5
g++ (Ubuntu 9.3.0-17ubuntu1~20.04) 9.3.0
Copyright (C) 2019 Free Software Foundation, Inc.
This is free software; see the source for copying conditions.  There is NO
warranty; not even for MERCHANTABILITY or FITNESS FOR A PARTICULAR PURPOSE.

configure:2917: $? = 0
configure:2906: g++ -std=gnu++11 -v >&5
Using built-in specs.
COLLECT_GCC=g++
COLLECT_LTO_WRAPPER=/usr/lib/gcc/x86_64-linux-gnu/9/lto-wrapper
OFFLOAD_TARGET_NAMES=nvptx-none:hsa
OFFLOAD_TARGET_DEFAULT=1
Target: x86_64-linux-gnu
Configured with: ../src/configure -v --with-pkgversion='Ubuntu 9.3.0-17ubuntu1~20.04' --with-bugurl=file:///usr/share/doc/gcc-9/README.Bugs --enable-languages=c,ada,c++,go,brig,d,fortran,objc,obj-c++,gm2 --prefix=/usr --with-gcc-major-version-only --program-suffix=-9 --program-prefix=x86_64-linux-gnu- --enable-shared --enable-linker-build-id --libexecdir=/usr/lib --without-included-gettext --enable-threads=posix --libdir=/usr/lib --enable-nls --enable-clocale=gnu --enable-libstdcxx-debug --enable-libstdcxx-time=yes --with-default-libstdcxx-abi=new --enable-gnu-unique-object --disable-vtable-verify --enable-plugin --enable-default-pie --with-system-zlib --with-target-system-zlib=auto --enable-objc-gc=auto --enable-multiarch --disable-werror --with-arch-32=i686 --with-abi=m64 --with-multilib-list=m32,m64,mx32 --enable-multilib --with-tune=generic --enable-offload-targets=nvptx-none=/build/gcc-9-HskZEa/gcc-9-9.3.0/debian/tmp-nvptx/usr,hsa --without-cuda-driver --enable-checking=release --build=x86_64-linux-gnu --host=x86_64-linux-gnu --target=x86_64-linux-gnu
Thread model: posix
gcc version 9.3.0 (Ubuntu 9.3.0-17ubuntu1~20.04) 
configure:2917: $? = 0
configure:2906: g++ -std=gnu++11 -V >&5
g++: error: unrecognized command line option '-V'
g++: fatal error: no input files
compilation terminated.
configure:2917: $? = 1
configure:2906: g++ -std=gnu++11 -qversion >&5
g++: error: unrecognized command line option '-qversion'; did you mean '--version'?
g++: fatal error: no input files
compilation terminated.
configure:2917: $? = 1
configure:2921: checking whether we are using the GNU C++ compiler
configure:2940: g++ -std=gnu++11 -c -g -O2 -fdebug-prefix-map=/build/r-base-8T8CYO/r-base-4.0.3=. -fstack-protector-strong -Wformat -Werror=format-security -Wdate-time -D_FORTIFY_SOURCE=2 -g  conftest.cpp >&5
configure:2940: $? = 0
configure:2949: result: yes
configure:2958: checking whether g++ -std=gnu++11 accepts -g
configure:2978: g++ -std=gnu++11 -c -g  conftest.cpp >&5
configure:2978: $? = 0
configure:3019: result: yes
configure:3057: checking whether C++ compiler accepts -fstrict-aliasing
configure:3073: g++ -std=gnu++11 -c -g -O2 -fdebug-prefix-map=/build/r-base-8T8CYO/r-base-4.0.3=. -fstack-protector-strong -Wformat -Werror=format-security -Wdate-time -D_FORTIFY_SOURCE=2 -g -Werror -fstrict-aliasing -Wstrict-aliasing  conftest.cpp >&5
configure:3073: $? = 0
configure:3074: result: yes
configure:3098: checking for g++ -std=gnu++11 option to support OpenMP
configure:3113: g++ -std=gnu++11 -o conftest -g -O2 -fdebug-prefix-map=/build/r-base-8T8CYO/r-base-4.0.3=. -fstack-protector-strong -Wformat -Werror=format-security -Wdate-time -D_FORTIFY_SOURCE=2 -g  -Wl,-Bsymbolic-functions -Wl,-z,relro conftest.cpp  >&5
conftest.cpp:11:2: error: 'choke' does not name a type
   11 |  choke me
      |  ^~~~~
In file included from conftest.cpp:13:
/usr/lib/gcc/x86_64-linux-gnu/9/include/omp.h:39:3: error: 'omp_lock_t' does not name a type
   39 | } omp_lock_t;
      |   ^~~~~~~~~~
/usr/lib/gcc/x86_64-linux-gnu/9/include/omp.h:125:28: error: variable or field 'omp_init_lock' declared void
  125 | extern void omp_init_lock (omp_lock_t *) __GOMP_NOTHROW;
      |                            ^~~~~~~~~~
/usr/lib/gcc/x86_64-linux-gnu/9/include/omp.h:125:28: error: 'omp_lock_t' was not declared in this scope; did you mean 'omp_lock_hint_t'?
  125 | extern void omp_init_lock (omp_lock_t *) __GOMP_NOTHROW;
      |                            ^~~~~~~~~~
      |                            omp_lock_hint_t
/usr/lib/gcc/x86_64-linux-gnu/9/include/omp.h:125:40: error: expected primary-expression before ')' token
  125 | extern void omp_init_lock (omp_lock_t *) __GOMP_NOTHROW;
      |                                        ^
/usr/lib/gcc/x86_64-linux-gnu/9/include/omp.h:126:38: error: variable or field 'omp_init_lock_with_hint' declared void
  126 | extern void omp_init_lock_with_hint (omp_lock_t *, omp_sync_hint_t)
      |                                      ^~~~~~~~~~
/usr/lib/gcc/x86_64-linux-gnu/9/include/omp.h:126:38: error: 'omp_lock_t' was not declared in this scope; did you mean 'omp_lock_hint_t'?
  126 | extern void omp_init_lock_with_hint (omp_lock_t *, omp_sync_hint_t)
      |                                      ^~~~~~~~~~
      |                                      omp_lock_hint_t
/usr/lib/gcc/x86_64-linux-gnu/9/include/omp.h:126:50: error: expected primary-expression before ',' token
  126 | extern void omp_init_lock_with_hint (omp_lock_t *, omp_sync_hint_t)
      |                                                  ^
/usr/lib/gcc/x86_64-linux-gnu/9/include/omp.h:126:67: error: expected primary-expression before ')' token
  126 | extern void omp_init_lock_with_hint (omp_lock_t *, omp_sync_hint_t)
      |                                                                   ^
/usr/lib/gcc/x86_64-linux-gnu/9/include/omp.h:128:31: error: variable or field 'omp_destroy_lock' declared void
  128 | extern void omp_destroy_lock (omp_lock_t *) __GOMP_NOTHROW;
      |                               ^~~~~~~~~~
/usr/lib/gcc/x86_64-linux-gnu/9/include/omp.h:128:31: error: 'omp_lock_t' was not declared in this scope; did you mean 'omp_lock_hint_t'?
  128 | extern void omp_destroy_lock (omp_lock_t *) __GOMP_NOTHROW;
      |                               ^~~~~~~~~~
      |                               omp_lock_hint_t
/usr/lib/gcc/x86_64-linux-gnu/9/include/omp.h:128:43: error: expected primary-expression before ')' token
  128 | extern void omp_destroy_lock (omp_lock_t *) __GOMP_NOTHROW;
      |                                           ^
/usr/lib/gcc/x86_64-linux-gnu/9/include/omp.h:129:27: error: variable or field 'omp_set_lock' declared void
  129 | extern void omp_set_lock (omp_lock_t *) __GOMP_NOTHROW;
      |                           ^~~~~~~~~~
/usr/lib/gcc/x86_64-linux-gnu/9/include/omp.h:129:27: error: 'omp_lock_t' was not declared in this scope; did you mean 'omp_lock_hint_t'?
  129 | extern void omp_set_lock (omp_lock_t *) __GOMP_NOTHROW;
      |                           ^~~~~~~~~~
      |                           omp_lock_hint_t
/usr/lib/gcc/x86_64-linux-gnu/9/include/omp.h:129:39: error: expected primary-expression before ')' token
  129 | extern void omp_set_lock (omp_lock_t *) __GOMP_NOTHROW;
      |                                       ^
/usr/lib/gcc/x86_64-linux-gnu/9/include/omp.h:130:29: error: variable or field 'omp_unset_lock' declared void
  130 | extern void omp_unset_lock (omp_lock_t *) __GOMP_NOTHROW;
      |                             ^~~~~~~~~~
/usr/lib/gcc/x86_64-linux-gnu/9/include/omp.h:130:29: error: 'omp_lock_t' was not declared in this scope; did you mean 'omp_lock_hint_t'?
  130 | extern void omp_unset_lock (omp_lock_t *) __GOMP_NOTHROW;
      |                             ^~~~~~~~~~
      |                             omp_lock_hint_t
/usr/lib/gcc/x86_64-linux-gnu/9/include/omp.h:130:41: error: expected primary-expression before ')' token
  130 | extern void omp_unset_lock (omp_lock_t *) __GOMP_NOTHROW;
      |                                         ^
/usr/lib/gcc/x86_64-linux-gnu/9/include/omp.h:131:27: error: 'omp_lock_t' was not declared in this scope; did you mean 'omp_lock_hint_t'?
  131 | extern int omp_test_lock (omp_lock_t *) __GOMP_NOTHROW;
      |                           ^~~~~~~~~~
      |                           omp_lock_hint_t
/usr/lib/gcc/x86_64-linux-gnu/9/include/omp.h:131:39: error: expected primary-expression before ')' token
  131 | extern int omp_test_lock (omp_lock_t *) __GOMP_NOTHROW;
      |                                       ^
configure:3113: $? = 1
configure: failed program was:
| /* confdefs.h */
| #define PACKAGE_NAME "pense"
| #define PACKAGE_TARNAME "pense"
| #define PACKAGE_VERSION "2.0.0"
| #define PACKAGE_STRING "pense 2.0.0"
| #define PACKAGE_BUGREPORT ""
| #define PACKAGE_URL ""
| /* end confdefs.h.  */
| 
| #ifndef _OPENMP
|  choke me
| #endif
| #include <omp.h>
| int main () { return omp_get_num_threads (); }
| 
configure:3131: g++ -std=gnu++11 -o conftest -g -O2 -fdebug-prefix-map=/build/r-base-8T8CYO/r-base-4.0.3=. -fstack-protector-strong -Wformat -Werror=format-security -Wdate-time -D_FORTIFY_SOURCE=2 -g -fopenmp  -Wl,-Bsymbolic-functions -Wl,-z,relro conftest.cpp  >&5
configure:3131: $? = 0
configure:3145: result: -fopenmp
configure:3159: checking C++ support for OpenMP
g++ -std=gnu++11 -I"/usr/share/R/include" -DNDEBUG      -fpic  -g -O2 -fdebug-prefix-map=/build/r-base-8T8CYO/r-base-4.0.3=. -fstack-protector-strong -Wformat -Werror=format-security -Wdate-time -D_FORTIFY_SOURCE=2 -g  -c conftest.cpp -o conftest.o
gcc -std=gnu99 -shared -L/usr/lib/R/lib -Wl,-Bsymbolic-functions -Wl,-z,relro -o conftest.so conftest.o -fopenmp -L/usr/lib/R/lib -lR
> dyn.load(paste('conftest',.Platform$dynlib.ext,sep=''))
> 
> 
configure:3176: result: yes
configure:3183: checking OpenMP support for tasks
configure:3224: g++ -std=gnu++11 -o conftest -g -O2 -fdebug-prefix-map=/build/r-base-8T8CYO/r-base-4.0.3=. -fstack-protector-strong -Wformat -Werror=format-security -Wdate-time -D_FORTIFY_SOURCE=2 -g  -Wl,-Bsymbolic-functions -Wl,-z,relro -fopenmp conftest.cpp  >&5
configure:3224: $? = 0
configure:3292: result: yes
configure:3297: checking OpenMP support for custom reductions
configure:3366: g++ -std=gnu++11 -o conftest -g -O2 -fdebug-prefix-map=/build/r-base-8T8CYO/r-base-4.0.3=. -fstack-protector-strong -Wformat -Werror=format-security -Wdate-time -D_FORTIFY_SOURCE=2 -g  -Wl,-Bsymbolic-functions -Wl,-z,relro -fopenmp conftest.cpp  >&5
configure:3366: $? = 0
configure:3373: result: yes
configure:3507: creating ./config.status

## ---------------------- ##
## Running config.status. ##
## ---------------------- ##

This file was extended by pense config.status 2.0.0, which was
generated by GNU Autoconf 2.69.  Invocation command line was

  CONFIG_FILES    = 
  CONFIG_HEADERS  = 
  CONFIG_LINKS    = 
  CONFIG_COMMANDS = 
  $ ./config.status 

on ml-experiments

config.status:790: creating src/Makevars
config.status:790: creating R/autoconfig.R
config.status:790: creating src/autoconfig.hpp
config.status:960: src/autoconfig.hpp is unchanged

## ---------------- ##
## Cache variables. ##
## ---------------- ##

ac_cv_c_compiler_gnu=yes
ac_cv_cxx_compiler_gnu=yes
ac_cv_env_CCC_set=
ac_cv_env_CCC_value=
ac_cv_env_CC_set=
ac_cv_env_CC_value=
ac_cv_env_CFLAGS_set=
ac_cv_env_CFLAGS_value=
ac_cv_env_CPPFLAGS_set=
ac_cv_env_CPPFLAGS_value=
ac_cv_env_CPP_set=
ac_cv_env_CPP_value=
ac_cv_env_CXXFLAGS_set=
ac_cv_env_CXXFLAGS_value=
ac_cv_env_CXX_set=
ac_cv_env_CXX_value=
ac_cv_env_LDFLAGS_set=
ac_cv_env_LDFLAGS_value=
ac_cv_env_LIBS_set=
ac_cv_env_LIBS_value=
ac_cv_env_build_alias_set=
ac_cv_env_build_alias_value=
ac_cv_env_host_alias_set=
ac_cv_env_host_alias_value=
ac_cv_env_target_alias_set=
ac_cv_env_target_alias_value=
ac_cv_objext=o
ac_cv_prog_CPP='gcc -std=gnu99 -E'
ac_cv_prog_ac_ct_CC='gcc -std=gnu99'
ac_cv_prog_cc_c89=
ac_cv_prog_cc_g=yes
ac_cv_prog_cxx_g=yes
ac_cv_prog_cxx_openmp=-fopenmp

## ----------------- ##
## Output variables. ##
## ----------------- ##

CC='gcc -std=gnu99'
CFLAGS='-g -O2'
CPP='gcc -std=gnu99 -E'
CPPFLAGS=''
CXX='g++ -std=gnu++11'
CXXFLAGS='-g -O2 -fdebug-prefix-map=/build/r-base-8T8CYO/r-base-4.0.3=. -fstack-protector-strong -Wformat -Werror=format-security -Wdate-time -D_FORTIFY_SOURCE=2 -g'
DEFS='-DHAVE_CONFIG_H'
ECHO_C=''
ECHO_N='-n'
ECHO_T=''
EXEEXT=''
LDFLAGS='-Wl,-Bsymbolic-functions -Wl,-z,relro -fopenmp'
LIBOBJS=''
LIBS=''
LTLIBOBJS=''
OBJEXT='o'
OPENMP_CXXFLAGS='-fopenmp'
PACKAGE_BUGREPORT=''
PACKAGE_NAME='pense'
PACKAGE_STRING='pense 2.0.0'
PACKAGE_TARNAME='pense'
PACKAGE_URL=''
PACKAGE_VERSION='2.0.0'
PATH_SEPARATOR=':'
R_HAVE_OPENMP='TRUE'
SHELL='/bin/bash'
STRICT_ALIASING_FLAG='-fstrict-aliasing'
ac_ct_CC='gcc -std=gnu99'
ac_ct_CXX=''
bindir='${exec_prefix}/bin'
build_alias=''
datadir='${datarootdir}'
datarootdir='${prefix}/share'
docdir='${datarootdir}/doc/${PACKAGE_TARNAME}'
dvidir='${docdir}'
exec_prefix='${prefix}'
host_alias=''
htmldir='${docdir}'
includedir='${prefix}/include'
infodir='${datarootdir}/info'
libdir='${exec_prefix}/lib'
libexecdir='${exec_prefix}/libexec'
localedir='${datarootdir}/locale'
localstatedir='${prefix}/var'
mandir='${datarootdir}/man'
oldincludedir='/usr/include'
pdfdir='${docdir}'
prefix='/usr/local'
program_transform_name='s,x,x,'
psdir='${docdir}'
sbindir='${exec_prefix}/sbin'
sharedstatedir='${prefix}/com'
sysconfdir='${prefix}/etc'
target_alias=''

## ----------- ##
## confdefs.h. ##
## ----------- ##

/* confdefs.h */
#define PACKAGE_NAME "pense"
#define PACKAGE_TARNAME "pense"
#define PACKAGE_VERSION "2.0.0"
#define PACKAGE_STRING "pense 2.0.0"
#define PACKAGE_BUGREPORT ""
#define PACKAGE_URL ""
#define PENSE_ENABLE_OPENMP 1

configure: exit 0
