This file contains any messages produced by compilers while
running configure, to aid debugging if configure makes a mistake.

It was created by bioacoustics configure 0.2.5, which was
generated by GNU Autoconf 2.69.  Invocation command line was

  $ ./configure 

## --------- ##
## Platform. ##
## --------- ##

hostname = ml-experiments
uname -m = x86_64
uname -r = 5.4.0-52-generic
uname -s = Linux
uname -v = #57-Ubuntu SMP Thu Oct 15 10:57:00 UTC 2020

/usr/bin/uname -p = x86_64
/bin/uname -X     = unknown

/bin/arch              = x86_64
/usr/bin/arch -k       = unknown
/usr/convex/getsysinfo = unknown
/usr/bin/hostinfo      = unknown
/bin/machine           = unknown
/usr/bin/oslevel       = unknown
/bin/universe          = unknown

PATH: /home/akhila/anaconda3/bin
PATH: /usr/local/sbin
PATH: /usr/local/bin
PATH: /usr/sbin
PATH: /usr/bin
PATH: /sbin
PATH: /bin
PATH: /usr/games
PATH: /usr/local/games
PATH: /snap/bin
PATH: /home/akhila/.dotnet/tools


## ----------- ##
## Core tests. ##
## ----------- ##

configure:2300: checking for gcc
configure:2327: result: gcc -std=gnu99
configure:2556: checking for C compiler version
configure:2565: gcc -std=gnu99 --version >&5
gcc (Ubuntu 9.3.0-17ubuntu1~20.04) 9.3.0
Copyright (C) 2019 Free Software Foundation, Inc.
This is free software; see the source for copying conditions.  There is NO
warranty; not even for MERCHANTABILITY or FITNESS FOR A PARTICULAR PURPOSE.

configure:2576: $? = 0
configure:2565: gcc -std=gnu99 -v >&5
Using built-in specs.
COLLECT_GCC=gcc
COLLECT_LTO_WRAPPER=/usr/lib/gcc/x86_64-linux-gnu/9/lto-wrapper
OFFLOAD_TARGET_NAMES=nvptx-none:hsa
OFFLOAD_TARGET_DEFAULT=1
Target: x86_64-linux-gnu
Configured with: ../src/configure -v --with-pkgversion='Ubuntu 9.3.0-17ubuntu1~20.04' --with-bugurl=file:///usr/share/doc/gcc-9/README.Bugs --enable-languages=c,ada,c++,go,brig,d,fortran,objc,obj-c++,gm2 --prefix=/usr --with-gcc-major-version-only --program-suffix=-9 --program-prefix=x86_64-linux-gnu- --enable-shared --enable-linker-build-id --libexecdir=/usr/lib --without-included-gettext --enable-threads=posix --libdir=/usr/lib --enable-nls --enable-clocale=gnu --enable-libstdcxx-debug --enable-libstdcxx-time=yes --with-default-libstdcxx-abi=new --enable-gnu-unique-object --disable-vtable-verify --enable-plugin --enable-default-pie --with-system-zlib --with-target-system-zlib=auto --enable-objc-gc=auto --enable-multiarch --disable-werror --with-arch-32=i686 --with-abi=m64 --with-multilib-list=m32,m64,mx32 --enable-multilib --with-tune=generic --enable-offload-targets=nvptx-none=/build/gcc-9-HskZEa/gcc-9-9.3.0/debian/tmp-nvptx/usr,hsa --without-cuda-driver --enable-checking=release --build=x86_64-linux-gnu --host=x86_64-linux-gnu --target=x86_64-linux-gnu
Thread model: posix
gcc version 9.3.0 (Ubuntu 9.3.0-17ubuntu1~20.04) 
configure:2576: $? = 0
configure:2565: gcc -std=gnu99 -V >&5
gcc: error: unrecognized command line option '-V'
gcc: fatal error: no input files
compilation terminated.
configure:2576: $? = 1
configure:2565: gcc -std=gnu99 -qversion >&5
gcc: error: unrecognized command line option '-qversion'; did you mean '--version'?
gcc: fatal error: no input files
compilation terminated.
configure:2576: $? = 1
configure:2596: checking whether the C compiler works
configure:2618: gcc -std=gnu99 -g -O2 -fdebug-prefix-map=/build/r-base-8T8CYO/r-base-4.0.3=. -fstack-protector-strong -Wformat -Werror=format-security -Wdate-time -D_FORTIFY_SOURCE=2 -g  -Wl,-Bsymbolic-functions -Wl,-z,relro conftest.c  >&5
configure:2622: $? = 0
configure:2670: result: yes
configure:2673: checking for C compiler default output file name
configure:2675: result: a.out
configure:2681: checking for suffix of executables
configure:2688: gcc -std=gnu99 -o conftest -g -O2 -fdebug-prefix-map=/build/r-base-8T8CYO/r-base-4.0.3=. -fstack-protector-strong -Wformat -Werror=format-security -Wdate-time -D_FORTIFY_SOURCE=2 -g  -Wl,-Bsymbolic-functions -Wl,-z,relro conftest.c  >&5
configure:2692: $? = 0
configure:2714: result: 
configure:2736: checking whether we are cross compiling
configure:2744: gcc -std=gnu99 -o conftest -g -O2 -fdebug-prefix-map=/build/r-base-8T8CYO/r-base-4.0.3=. -fstack-protector-strong -Wformat -Werror=format-security -Wdate-time -D_FORTIFY_SOURCE=2 -g  -Wl,-Bsymbolic-functions -Wl,-z,relro conftest.c  >&5
configure:2748: $? = 0
configure:2755: ./conftest
configure:2759: $? = 0
configure:2747: result: no
configure:2752: checking for suffix of object files
configure:2774: gcc -std=gnu99 -c -g -O2 -fdebug-prefix-map=/build/r-base-8T8CYO/r-base-4.0.3=. -fstack-protector-strong -Wformat -Werror=format-security -Wdate-time -D_FORTIFY_SOURCE=2 -g  conftest.c >&5
configure:2778: $? = 0
configure:2799: result: o
configure:2803: checking whether we are using the GNU C compiler
configure:2822: gcc -std=gnu99 -c -g -O2 -fdebug-prefix-map=/build/r-base-8T8CYO/r-base-4.0.3=. -fstack-protector-strong -Wformat -Werror=format-security -Wdate-time -D_FORTIFY_SOURCE=2 -g  conftest.c >&5
configure:2822: $? = 0
configure:2831: result: yes
configure:2840: checking whether gcc -std=gnu99 accepts -g
configure:2860: gcc -std=gnu99 -c -g  conftest.c >&5
configure:2860: $? = 0
configure:2901: result: yes
configure:2918: checking for gcc -std=gnu99 option to accept ISO C89
configure:2981: gcc -std=gnu99  -c -g -O2 -fdebug-prefix-map=/build/r-base-8T8CYO/r-base-4.0.3=. -fstack-protector-strong -Wformat -Werror=format-security -Wdate-time -D_FORTIFY_SOURCE=2 -g  conftest.c >&5
configure:2981: $? = 0
configure:2994: result: none needed
configure:3126: checking for C++ compiler version
configure:3135: g++ -std=gnu++11 -fpic --version >&5
g++ (Ubuntu 9.3.0-17ubuntu1~20.04) 9.3.0
Copyright (C) 2019 Free Software Foundation, Inc.
This is free software; see the source for copying conditions.  There is NO
warranty; not even for MERCHANTABILITY or FITNESS FOR A PARTICULAR PURPOSE.

configure:3146: $? = 0
configure:3135: g++ -std=gnu++11 -fpic -v >&5
Using built-in specs.
COLLECT_GCC=g++
COLLECT_LTO_WRAPPER=/usr/lib/gcc/x86_64-linux-gnu/9/lto-wrapper
OFFLOAD_TARGET_NAMES=nvptx-none:hsa
OFFLOAD_TARGET_DEFAULT=1
Target: x86_64-linux-gnu
Configured with: ../src/configure -v --with-pkgversion='Ubuntu 9.3.0-17ubuntu1~20.04' --with-bugurl=file:///usr/share/doc/gcc-9/README.Bugs --enable-languages=c,ada,c++,go,brig,d,fortran,objc,obj-c++,gm2 --prefix=/usr --with-gcc-major-version-only --program-suffix=-9 --program-prefix=x86_64-linux-gnu- --enable-shared --enable-linker-build-id --libexecdir=/usr/lib --without-included-gettext --enable-threads=posix --libdir=/usr/lib --enable-nls --enable-clocale=gnu --enable-libstdcxx-debug --enable-libstdcxx-time=yes --with-default-libstdcxx-abi=new --enable-gnu-unique-object --disable-vtable-verify --enable-plugin --enable-default-pie --with-system-zlib --with-target-system-zlib=auto --enable-objc-gc=auto --enable-multiarch --disable-werror --with-arch-32=i686 --with-abi=m64 --with-multilib-list=m32,m64,mx32 --enable-multilib --with-tune=generic --enable-offload-targets=nvptx-none=/build/gcc-9-HskZEa/gcc-9-9.3.0/debian/tmp-nvptx/usr,hsa --without-cuda-driver --enable-checking=release --build=x86_64-linux-gnu --host=x86_64-linux-gnu --target=x86_64-linux-gnu
Thread model: posix
gcc version 9.3.0 (Ubuntu 9.3.0-17ubuntu1~20.04) 
configure:3146: $? = 0
configure:3135: g++ -std=gnu++11 -fpic -V >&5
g++: error: unrecognized command line option '-V'
g++: fatal error: no input files
compilation terminated.
configure:3146: $? = 1
configure:3135: g++ -std=gnu++11 -fpic -qversion >&5
g++: error: unrecognized command line option '-qversion'; did you mean '--version'?
g++: fatal error: no input files
compilation terminated.
configure:3146: $? = 1
configure:3150: checking whether we are using the GNU C++ compiler
configure:3169: g++ -std=gnu++11 -fpic -c   conftest.cpp >&5
configure:3169: $? = 0
configure:3178: result: yes
configure:3187: checking whether g++ -std=gnu++11 -fpic accepts -g
configure:3207: g++ -std=gnu++11 -fpic -c -g  conftest.cpp >&5
configure:3207: $? = 0
configure:3248: result: yes
configure:3279: CXX: g++ -std=gnu++11 -fpic
configure:3288: checking for cmake
configure:3304: found /usr/bin/cmake
configure:3316: result: cmake
configure:3347: checking for g++ -std=gnu++11 -fpic option to support OpenMP
configure:3362: g++ -std=gnu++11 -fpic -o conftest -g -O2  -Wl,-Bsymbolic-functions -Wl,-z,relro conftest.cpp  >&5
conftest.cpp:11:2: error: 'choke' does not name a type
   11 |  choke me
      |  ^~~~~
In file included from conftest.cpp:13:
/usr/lib/gcc/x86_64-linux-gnu/9/include/omp.h:39:3: error: 'omp_lock_t' does not name a type
   39 | } omp_lock_t;
      |   ^~~~~~~~~~
/usr/lib/gcc/x86_64-linux-gnu/9/include/omp.h:125:28: error: variable or field 'omp_init_lock' declared void
  125 | extern void omp_init_lock (omp_lock_t *) __GOMP_NOTHROW;
      |                            ^~~~~~~~~~
/usr/lib/gcc/x86_64-linux-gnu/9/include/omp.h:125:28: error: 'omp_lock_t' was not declared in this scope; did you mean 'omp_lock_hint_t'?
  125 | extern void omp_init_lock (omp_lock_t *) __GOMP_NOTHROW;
      |                            ^~~~~~~~~~
      |                            omp_lock_hint_t
/usr/lib/gcc/x86_64-linux-gnu/9/include/omp.h:125:40: error: expected primary-expression before ')' token
  125 | extern void omp_init_lock (omp_lock_t *) __GOMP_NOTHROW;
      |                                        ^
/usr/lib/gcc/x86_64-linux-gnu/9/include/omp.h:126:38: error: variable or field 'omp_init_lock_with_hint' declared void
  126 | extern void omp_init_lock_with_hint (omp_lock_t *, omp_sync_hint_t)
      |                                      ^~~~~~~~~~
/usr/lib/gcc/x86_64-linux-gnu/9/include/omp.h:126:38: error: 'omp_lock_t' was not declared in this scope; did you mean 'omp_lock_hint_t'?
  126 | extern void omp_init_lock_with_hint (omp_lock_t *, omp_sync_hint_t)
      |                                      ^~~~~~~~~~
      |                                      omp_lock_hint_t
/usr/lib/gcc/x86_64-linux-gnu/9/include/omp.h:126:50: error: expected primary-expression before ',' token
  126 | extern void omp_init_lock_with_hint (omp_lock_t *, omp_sync_hint_t)
      |                                                  ^
/usr/lib/gcc/x86_64-linux-gnu/9/include/omp.h:126:67: error: expected primary-expression before ')' token
  126 | extern void omp_init_lock_with_hint (omp_lock_t *, omp_sync_hint_t)
      |                                                                   ^
/usr/lib/gcc/x86_64-linux-gnu/9/include/omp.h:128:31: error: variable or field 'omp_destroy_lock' declared void
  128 | extern void omp_destroy_lock (omp_lock_t *) __GOMP_NOTHROW;
      |                               ^~~~~~~~~~
/usr/lib/gcc/x86_64-linux-gnu/9/include/omp.h:128:31: error: 'omp_lock_t' was not declared in this scope; did you mean 'omp_lock_hint_t'?
  128 | extern void omp_destroy_lock (omp_lock_t *) __GOMP_NOTHROW;
      |                               ^~~~~~~~~~
      |                               omp_lock_hint_t
/usr/lib/gcc/x86_64-linux-gnu/9/include/omp.h:128:43: error: expected primary-expression before ')' token
  128 | extern void omp_destroy_lock (omp_lock_t *) __GOMP_NOTHROW;
      |                                           ^
/usr/lib/gcc/x86_64-linux-gnu/9/include/omp.h:129:27: error: variable or field 'omp_set_lock' declared void
  129 | extern void omp_set_lock (omp_lock_t *) __GOMP_NOTHROW;
      |                           ^~~~~~~~~~
/usr/lib/gcc/x86_64-linux-gnu/9/include/omp.h:129:27: error: 'omp_lock_t' was not declared in this scope; did you mean 'omp_lock_hint_t'?
  129 | extern void omp_set_lock (omp_lock_t *) __GOMP_NOTHROW;
      |                           ^~~~~~~~~~
      |                           omp_lock_hint_t
/usr/lib/gcc/x86_64-linux-gnu/9/include/omp.h:129:39: error: expected primary-expression before ')' token
  129 | extern void omp_set_lock (omp_lock_t *) __GOMP_NOTHROW;
      |                                       ^
/usr/lib/gcc/x86_64-linux-gnu/9/include/omp.h:130:29: error: variable or field 'omp_unset_lock' declared void
  130 | extern void omp_unset_lock (omp_lock_t *) __GOMP_NOTHROW;
      |                             ^~~~~~~~~~
/usr/lib/gcc/x86_64-linux-gnu/9/include/omp.h:130:29: error: 'omp_lock_t' was not declared in this scope; did you mean 'omp_lock_hint_t'?
  130 | extern void omp_unset_lock (omp_lock_t *) __GOMP_NOTHROW;
      |                             ^~~~~~~~~~
      |                             omp_lock_hint_t
/usr/lib/gcc/x86_64-linux-gnu/9/include/omp.h:130:41: error: expected primary-expression before ')' token
  130 | extern void omp_unset_lock (omp_lock_t *) __GOMP_NOTHROW;
      |                                         ^
/usr/lib/gcc/x86_64-linux-gnu/9/include/omp.h:131:27: error: 'omp_lock_t' was not declared in this scope; did you mean 'omp_lock_hint_t'?
  131 | extern int omp_test_lock (omp_lock_t *) __GOMP_NOTHROW;
      |                           ^~~~~~~~~~
      |                           omp_lock_hint_t
/usr/lib/gcc/x86_64-linux-gnu/9/include/omp.h:131:39: error: expected primary-expression before ')' token
  131 | extern int omp_test_lock (omp_lock_t *) __GOMP_NOTHROW;
      |                                       ^
configure:3362: $? = 1
configure: failed program was:
| /* confdefs.h */
| #define PACKAGE_NAME "bioacoustics"
| #define PACKAGE_TARNAME "bioacoustics"
| #define PACKAGE_VERSION "0.2.5"
| #define PACKAGE_STRING "bioacoustics 0.2.5"
| #define PACKAGE_BUGREPORT ""
| #define PACKAGE_URL ""
| /* end confdefs.h.  */
| 
| #ifndef _OPENMP
|  choke me
| #endif
| #include <omp.h>
| int main () { return omp_get_num_threads (); }
| 
configure:3380: g++ -std=gnu++11 -fpic -o conftest -g -O2 -fopenmp  -Wl,-Bsymbolic-functions -Wl,-z,relro conftest.cpp  >&5
configure:3380: $? = 0
configure:3394: result: -fopenmp
configure:3420: checking for gcc -std=gnu99 option to support OpenMP
configure:3435: gcc -std=gnu99 -o conftest -g -O2 -fdebug-prefix-map=/build/r-base-8T8CYO/r-base-4.0.3=. -fstack-protector-strong -Wformat -Werror=format-security -Wdate-time -D_FORTIFY_SOURCE=2 -g  -Wl,-Bsymbolic-functions -Wl,-z,relro conftest.c  >&5
conftest.c:11:2: error: unknown type name 'choke'
   11 |  choke me
      |  ^~~~~
conftest.c:11:10: error: expected ';' before 'typedef'
   11 |  choke me
      |          ^
      |          ;
configure:3435: $? = 1
configure: failed program was:
| /* confdefs.h */
| #define PACKAGE_NAME "bioacoustics"
| #define PACKAGE_TARNAME "bioacoustics"
| #define PACKAGE_VERSION "0.2.5"
| #define PACKAGE_STRING "bioacoustics 0.2.5"
| #define PACKAGE_BUGREPORT ""
| #define PACKAGE_URL ""
| /* end confdefs.h.  */
| 
| #ifndef _OPENMP
|  choke me
| #endif
| #include <omp.h>
| int main () { return omp_get_num_threads (); }
| 
configure:3453: gcc -std=gnu99 -o conftest -g -O2 -fdebug-prefix-map=/build/r-base-8T8CYO/r-base-4.0.3=. -fstack-protector-strong -Wformat -Werror=format-security -Wdate-time -D_FORTIFY_SOURCE=2 -g -fopenmp  -Wl,-Bsymbolic-functions -Wl,-z,relro conftest.c  >&5
configure:3453: $? = 0
configure:3467: result: -fopenmp
configure:3514: checking how to run the C preprocessor
configure:3545: gcc -std=gnu99 -E  conftest.c
configure:3545: $? = 0
configure:3559: gcc -std=gnu99 -E  conftest.c
conftest.c:9:10: fatal error: ac_nonexistent.h: No such file or directory
    9 | #include <ac_nonexistent.h>
      |          ^~~~~~~~~~~~~~~~~~
compilation terminated.
configure:3559: $? = 1
configure: failed program was:
| /* confdefs.h */
| #define PACKAGE_NAME "bioacoustics"
| #define PACKAGE_TARNAME "bioacoustics"
| #define PACKAGE_VERSION "0.2.5"
| #define PACKAGE_STRING "bioacoustics 0.2.5"
| #define PACKAGE_BUGREPORT ""
| #define PACKAGE_URL ""
| /* end confdefs.h.  */
| #include <ac_nonexistent.h>
configure:3584: result: gcc -std=gnu99 -E
configure:3604: gcc -std=gnu99 -E  conftest.c
configure:3604: $? = 0
configure:3618: gcc -std=gnu99 -E  conftest.c
conftest.c:9:10: fatal error: ac_nonexistent.h: No such file or directory
    9 | #include <ac_nonexistent.h>
      |          ^~~~~~~~~~~~~~~~~~
compilation terminated.
configure:3618: $? = 1
configure: failed program was:
| /* confdefs.h */
| #define PACKAGE_NAME "bioacoustics"
| #define PACKAGE_TARNAME "bioacoustics"
| #define PACKAGE_VERSION "0.2.5"
| #define PACKAGE_STRING "bioacoustics 0.2.5"
| #define PACKAGE_BUGREPORT ""
| #define PACKAGE_URL ""
| /* end confdefs.h.  */
| #include <ac_nonexistent.h>
configure:3647: checking for grep that handles long lines and -e
configure:3705: result: /usr/bin/grep
configure:3710: checking for egrep
configure:3772: result: /usr/bin/grep -E
configure:3777: checking for ANSI C header files
configure:3797: gcc -std=gnu99 -c -g -O2 -fdebug-prefix-map=/build/r-base-8T8CYO/r-base-4.0.3=. -fstack-protector-strong -Wformat -Werror=format-security -Wdate-time -D_FORTIFY_SOURCE=2 -g  conftest.c >&5
configure:3797: $? = 0
configure:3870: gcc -std=gnu99 -o conftest -g -O2 -fdebug-prefix-map=/build/r-base-8T8CYO/r-base-4.0.3=. -fstack-protector-strong -Wformat -Werror=format-security -Wdate-time -D_FORTIFY_SOURCE=2 -g  -Wl,-Bsymbolic-functions -Wl,-z,relro conftest.c  >&5
configure:3870: $? = 0
configure:3870: ./conftest
configure:3870: $? = 0
configure:3881: result: yes
configure:3894: checking for sys/types.h
configure:3894: gcc -std=gnu99 -c -g -O2 -fdebug-prefix-map=/build/r-base-8T8CYO/r-base-4.0.3=. -fstack-protector-strong -Wformat -Werror=format-security -Wdate-time -D_FORTIFY_SOURCE=2 -g  conftest.c >&5
configure:3894: $? = 0
configure:3894: result: yes
configure:3894: checking for sys/stat.h
configure:3894: gcc -std=gnu99 -c -g -O2 -fdebug-prefix-map=/build/r-base-8T8CYO/r-base-4.0.3=. -fstack-protector-strong -Wformat -Werror=format-security -Wdate-time -D_FORTIFY_SOURCE=2 -g  conftest.c >&5
configure:3894: $? = 0
configure:3894: result: yes
configure:3894: checking for stdlib.h
configure:3894: gcc -std=gnu99 -c -g -O2 -fdebug-prefix-map=/build/r-base-8T8CYO/r-base-4.0.3=. -fstack-protector-strong -Wformat -Werror=format-security -Wdate-time -D_FORTIFY_SOURCE=2 -g  conftest.c >&5
configure:3894: $? = 0
configure:3894: result: yes
configure:3894: checking for string.h
configure:3894: gcc -std=gnu99 -c -g -O2 -fdebug-prefix-map=/build/r-base-8T8CYO/r-base-4.0.3=. -fstack-protector-strong -Wformat -Werror=format-security -Wdate-time -D_FORTIFY_SOURCE=2 -g  conftest.c >&5
configure:3894: $? = 0
configure:3894: result: yes
configure:3894: checking for memory.h
configure:3894: gcc -std=gnu99 -c -g -O2 -fdebug-prefix-map=/build/r-base-8T8CYO/r-base-4.0.3=. -fstack-protector-strong -Wformat -Werror=format-security -Wdate-time -D_FORTIFY_SOURCE=2 -g  conftest.c >&5
configure:3894: $? = 0
configure:3894: result: yes
configure:3894: checking for strings.h
configure:3894: gcc -std=gnu99 -c -g -O2 -fdebug-prefix-map=/build/r-base-8T8CYO/r-base-4.0.3=. -fstack-protector-strong -Wformat -Werror=format-security -Wdate-time -D_FORTIFY_SOURCE=2 -g  conftest.c >&5
configure:3894: $? = 0
configure:3894: result: yes
configure:3894: checking for inttypes.h
configure:3894: gcc -std=gnu99 -c -g -O2 -fdebug-prefix-map=/build/r-base-8T8CYO/r-base-4.0.3=. -fstack-protector-strong -Wformat -Werror=format-security -Wdate-time -D_FORTIFY_SOURCE=2 -g  conftest.c >&5
configure:3894: $? = 0
configure:3894: result: yes
configure:3894: checking for stdint.h
configure:3894: gcc -std=gnu99 -c -g -O2 -fdebug-prefix-map=/build/r-base-8T8CYO/r-base-4.0.3=. -fstack-protector-strong -Wformat -Werror=format-security -Wdate-time -D_FORTIFY_SOURCE=2 -g  conftest.c >&5
configure:3894: $? = 0
configure:3894: result: yes
configure:3894: checking for unistd.h
configure:3894: gcc -std=gnu99 -c -g -O2 -fdebug-prefix-map=/build/r-base-8T8CYO/r-base-4.0.3=. -fstack-protector-strong -Wformat -Werror=format-security -Wdate-time -D_FORTIFY_SOURCE=2 -g  conftest.c >&5
configure:3894: $? = 0
configure:3894: result: yes
configure:3908: checking fftw3.h usability
configure:3908: gcc -std=gnu99 -c -g -O2 -fdebug-prefix-map=/build/r-base-8T8CYO/r-base-4.0.3=. -fstack-protector-strong -Wformat -Werror=format-security -Wdate-time -D_FORTIFY_SOURCE=2 -g  conftest.c >&5
configure:3908: $? = 0
configure:3908: result: yes
configure:3908: checking fftw3.h presence
configure:3908: gcc -std=gnu99 -E  conftest.c
configure:3908: $? = 0
configure:3908: result: yes
configure:3908: checking for fftw3.h
configure:3908: result: yes
configure:3942: checking for library containing fftw_plan_r2r_1d
configure:3973: gcc -std=gnu99 -o conftest -g -O2 -fdebug-prefix-map=/build/r-base-8T8CYO/r-base-4.0.3=. -fstack-protector-strong -Wformat -Werror=format-security -Wdate-time -D_FORTIFY_SOURCE=2 -g  -Wl,-Bsymbolic-functions -Wl,-z,relro conftest.c  >&5
/usr/bin/ld: /tmp/ccDHPZPg.o: in function `main':
/home/akhila/fuzzer_packages/fuzzedpackages/bioacoustics/conftest.c:31: undefined reference to `fftw_plan_r2r_1d'
collect2: error: ld returned 1 exit status
configure:3973: $? = 1
configure: failed program was:
| /* confdefs.h */
| #define PACKAGE_NAME "bioacoustics"
| #define PACKAGE_TARNAME "bioacoustics"
| #define PACKAGE_VERSION "0.2.5"
| #define PACKAGE_STRING "bioacoustics 0.2.5"
| #define PACKAGE_BUGREPORT ""
| #define PACKAGE_URL ""
| #define STDC_HEADERS 1
| #define HAVE_SYS_TYPES_H 1
| #define HAVE_SYS_STAT_H 1
| #define HAVE_STDLIB_H 1
| #define HAVE_STRING_H 1
| #define HAVE_MEMORY_H 1
| #define HAVE_STRINGS_H 1
| #define HAVE_INTTYPES_H 1
| #define HAVE_STDINT_H 1
| #define HAVE_UNISTD_H 1
| #define HAVE_FFTW3_H 1
| /* end confdefs.h.  */
| 
| /* Override any GCC internal prototype to avoid an error.
|    Use char because int might match the return type of a GCC
|    builtin and then its argument prototype would still apply.  */
| #ifdef __cplusplus
| extern "C"
| #endif
| char fftw_plan_r2r_1d ();
| int
| main ()
| {
| return fftw_plan_r2r_1d ();
|   ;
|   return 0;
| }
configure:3973: gcc -std=gnu99 -o conftest -g -O2 -fdebug-prefix-map=/build/r-base-8T8CYO/r-base-4.0.3=. -fstack-protector-strong -Wformat -Werror=format-security -Wdate-time -D_FORTIFY_SOURCE=2 -g  -Wl,-Bsymbolic-functions -Wl,-z,relro conftest.c -lfftw3   >&5
configure:3973: $? = 0
configure:3990: result: -lfftw3
configure:4061: Suitable fftw3 library found.
configure:4217: creating ./config.status

## ---------------------- ##
## Running config.status. ##
## ---------------------- ##

This file was extended by bioacoustics config.status 0.2.5, which was
generated by GNU Autoconf 2.69.  Invocation command line was

  CONFIG_FILES    = 
  CONFIG_HEADERS  = 
  CONFIG_LINKS    = 
  CONFIG_COMMANDS = 
  $ ./config.status 

on ml-experiments

config.status:727: creating src/Makevars

## ---------------- ##
## Cache variables. ##
## ---------------- ##

ac_cv_c_compiler_gnu=yes
ac_cv_cxx_compiler_gnu=yes
ac_cv_env_CCC_set=
ac_cv_env_CCC_value=
ac_cv_env_CC_set=
ac_cv_env_CC_value=
ac_cv_env_CFLAGS_set=
ac_cv_env_CFLAGS_value=
ac_cv_env_CPPFLAGS_set=
ac_cv_env_CPPFLAGS_value=
ac_cv_env_CPP_set=
ac_cv_env_CPP_value=
ac_cv_env_CXXFLAGS_set=
ac_cv_env_CXXFLAGS_value=
ac_cv_env_CXX_set=
ac_cv_env_CXX_value=
ac_cv_env_LDFLAGS_set=
ac_cv_env_LDFLAGS_value=
ac_cv_env_LIBS_set=
ac_cv_env_LIBS_value=
ac_cv_env_build_alias_set=
ac_cv_env_build_alias_value=
ac_cv_env_host_alias_set=
ac_cv_env_host_alias_value=
ac_cv_env_target_alias_set=
ac_cv_env_target_alias_value=
ac_cv_header_fftw3_h=yes
ac_cv_header_inttypes_h=yes
ac_cv_header_memory_h=yes
ac_cv_header_stdc=yes
ac_cv_header_stdint_h=yes
ac_cv_header_stdlib_h=yes
ac_cv_header_string_h=yes
ac_cv_header_strings_h=yes
ac_cv_header_sys_stat_h=yes
ac_cv_header_sys_types_h=yes
ac_cv_header_unistd_h=yes
ac_cv_objext=o
ac_cv_path_EGREP='/usr/bin/grep -E'
ac_cv_path_GREP=/usr/bin/grep
ac_cv_prog_CMAKE_FOUND=cmake
ac_cv_prog_CPP='gcc -std=gnu99 -E'
ac_cv_prog_ac_ct_CC='gcc -std=gnu99'
ac_cv_prog_c_openmp=-fopenmp
ac_cv_prog_cc_c89=
ac_cv_prog_cc_g=yes
ac_cv_prog_cxx_g=yes
ac_cv_prog_cxx_openmp=-fopenmp
ac_cv_search_fftw_plan_r2r_1d=-lfftw3

## ----------------- ##
## Output variables. ##
## ----------------- ##

CC='gcc -std=gnu99'
CFLAGS='-g -O2 -fdebug-prefix-map=/build/r-base-8T8CYO/r-base-4.0.3=. -fstack-protector-strong -Wformat -Werror=format-security -Wdate-time -D_FORTIFY_SOURCE=2 -g  -O3 -march=native -mtune=native'
CMAKE_FOUND='cmake'
CPP='gcc -std=gnu99 -E'
CPPFLAGS=''
CXX='g++ -std=gnu++11 -fpic'
CXXFLAGS='-g -O2  -std=gnu++11'
DEFS='-DPACKAGE_NAME=\"bioacoustics\" -DPACKAGE_TARNAME=\"bioacoustics\" -DPACKAGE_VERSION=\"0.2.5\" -DPACKAGE_STRING=\"bioacoustics\ 0.2.5\" -DPACKAGE_BUGREPORT=\"\" -DPACKAGE_URL=\"\" -DSTDC_HEADERS=1 -DHAVE_SYS_TYPES_H=1 -DHAVE_SYS_STAT_H=1 -DHAVE_STDLIB_H=1 -DHAVE_STRING_H=1 -DHAVE_MEMORY_H=1 -DHAVE_STRINGS_H=1 -DHAVE_INTTYPES_H=1 -DHAVE_STDINT_H=1 -DHAVE_UNISTD_H=1 -DHAVE_FFTW3_H=1'
ECHO_C=''
ECHO_N='-n'
ECHO_T=''
EGREP='/usr/bin/grep -E'
EXEEXT=''
GREP='/usr/bin/grep'
LDFLAGS='-Wl,-Bsymbolic-functions -Wl,-z,relro'
LIBOBJS=''
LIBS=' -lfftw3 '
LTLIBOBJS=''
OBJEXT='o'
OPENMP_CFLAGS='-fopenmp'
OPENMP_CXXFLAGS='-fopenmp'
PACKAGE_BUGREPORT=''
PACKAGE_NAME='bioacoustics'
PACKAGE_STRING='bioacoustics 0.2.5'
PACKAGE_TARNAME='bioacoustics'
PACKAGE_URL=''
PACKAGE_VERSION='0.2.5'
PATH_SEPARATOR=':'
SHELL='/bin/bash'
ac_ct_CC='gcc -std=gnu99'
ac_ct_CXX=''
bindir='${exec_prefix}/bin'
build_alias=''
datadir='${datarootdir}'
datarootdir='${prefix}/share'
docdir='${datarootdir}/doc/${PACKAGE_TARNAME}'
dvidir='${docdir}'
exec_prefix='${prefix}'
host_alias=''
htmldir='${docdir}'
includedir='${prefix}/include'
infodir='${datarootdir}/info'
libdir='${exec_prefix}/lib'
libexecdir='${exec_prefix}/libexec'
localedir='${datarootdir}/locale'
localstatedir='${prefix}/var'
mandir='${datarootdir}/man'
oldincludedir='/usr/include'
pdfdir='${docdir}'
prefix='/usr/local'
program_transform_name='s,x,x,'
psdir='${docdir}'
runstatedir='${localstatedir}/run'
sbindir='${exec_prefix}/sbin'
sharedstatedir='${prefix}/com'
sysconfdir='${prefix}/etc'
target_alias=''

## ----------- ##
## confdefs.h. ##
## ----------- ##

/* confdefs.h */
#define PACKAGE_NAME "bioacoustics"
#define PACKAGE_TARNAME "bioacoustics"
#define PACKAGE_VERSION "0.2.5"
#define PACKAGE_STRING "bioacoustics 0.2.5"
#define PACKAGE_BUGREPORT ""
#define PACKAGE_URL ""
#define STDC_HEADERS 1
#define HAVE_SYS_TYPES_H 1
#define HAVE_SYS_STAT_H 1
#define HAVE_STDLIB_H 1
#define HAVE_STRING_H 1
#define HAVE_MEMORY_H 1
#define HAVE_STRINGS_H 1
#define HAVE_INTTYPES_H 1
#define HAVE_STDINT_H 1
#define HAVE_UNISTD_H 1
#define HAVE_FFTW3_H 1

configure: exit 0
